<?xml version="1.0" encoding="UTF-8" standalone="no"?><testsuite errors="0" failures="1" name="As user I want to know the continents names so that I can know more about the world" skipped="0" tests="1" time="0.61" timestamp="2024-11-06 11:39:19"><testcase name="get continents names"><failure message="1 expectation failed.&#10;JSON path [3].name doesn't match.&#10;Expected: Europa&#10;  Actual: Europe&#10;" type="java.lang.AssertionError">1 expectation failed.
JSON path [3].name doesn't match.
Expected: Europa
  Actual: Europe
</failure><system-err>1 expectation failed.
JSON path [3].name doesn't match.
Expected: Europa
  Actual: Europe
&#13;
io.restassured.internal.ResponseSpecificationImpl.validateResponseIfRequired(ResponseSpecificationImpl.groovy:696)&#13;
io.restassured.internal.ResponseSpecificationImpl.this$2$validateResponseIfRequired(ResponseSpecificationImpl.groovy)&#13;
io.restassured.internal.ResponseSpecificationImpl.body(ResponseSpecificationImpl.groovy:270)&#13;
io.restassured.internal.ResponseSpecificationImpl.body(ResponseSpecificationImpl.groovy:117)&#13;
io.restassured.internal.ValidatableResponseOptionsImpl.body(ValidatableResponseOptionsImpl.java:244)&#13;
co.com.udea.calidad.gestionEquipajes.stepdefinitions.ContinentsStepDefinition.lambda$theUserCanSeeTheContinentsNames$0(ContinentsStepDefinition.java:39)&#13;
co.com.udea.calidad.gestionEquipajes.stepdefinitions.ContinentsStepDefinition.theUserCanSeeTheContinentsNames(ContinentsStepDefinition.java:35)&#13;
worker.org.gradle.process.internal.worker.GradleWorkerMain.run(GradleWorkerMain.java:69)&#13;
worker.org.gradle.process.internal.worker.GradleWorkerMain.main(GradleWorkerMain.java:74)&#13;
</system-err></testcase></testsuite>